[2019-01-27 13:10:39.950] [sharedprocess] [info] main {"machineId":"71f6e2e365c2519df0c699c2e831919e05effb818cc194c7b93a3c344db06fa3"}
[2019-01-27 13:10:40.006] [sharedprocess] [info] Scanned user extensions: 1
[2019-01-27 13:10:40.022] [sharedprocess] [info] Scanned user extensions: 1
[2019-01-27 13:10:40.024] [sharedprocess] [info] Scanned user extensions: 1
[2019-01-27 13:10:40.031] [sharedprocess] [info] Scanned user extensions: 1
[2019-01-27 13:10:40.074] [sharedprocess] [info] Scanned system extensions: 71
[2019-01-27 13:10:40.075] [sharedprocess] [info] Scanned system extensions: 71
[2019-01-27 13:10:40.077] [sharedprocess] [info] Scanned system extensions: 71
[2019-01-27 13:10:41.258] [sharedprocess] [info] Installing extension: cpptools
[2019-01-27 13:10:41.260] [sharedprocess] [info] Scanned user extensions: 1
[2019-01-27 13:10:41.673] [sharedprocess] [info] Downloaded extension: cpptools /tmp/41d016b0-5e1e-4131-8f2f-425a18cdf503
[2019-01-27 13:10:42.291] [sharedprocess] [info] Extracted extension to /home/orden/.vscode-oss/extensions/.ms-vscode.cpptools-0.21.0: ms-vscode.cpptools-0.21.0
[2019-01-27 13:10:42.292] [sharedprocess] [info] Renamed to /home/orden/.vscode-oss/extensions/ms-vscode.cpptools-0.21.0
[2019-01-27 13:10:42.292] [sharedprocess] [info] Installation completed. ms-vscode.cpptools-0.21.0
[2019-01-27 13:10:42.302] [sharedprocess] [info] Extensions installed successfully: ms-vscode.cpptools
[2019-01-27 13:11:19.952] [sharedprocess] [info] Starting to clean up unused language packs.
[2019-01-27 13:15:40.046] [sharedprocess] [info] Scanned user extensions: 1
[2019-01-27 13:20:40.061] [sharedprocess] [info] Scanned user extensions: 1
[2019-01-27 13:25:40.081] [sharedprocess] [info] Scanned user extensions: 1
[2019-01-27 13:30:40.096] [sharedprocess] [info] Scanned user extensions: 1
[2019-01-27 13:35:40.108] [sharedprocess] [info] Scanned user extensions: 1
[2019-01-27 13:40:40.120] [sharedprocess] [info] Scanned user extensions: 1
[2019-01-27 13:45:40.130] [sharedprocess] [info] Scanned user extensions: 1
[2019-01-27 13:50:40.146] [sharedprocess] [info] Scanned user extensions: 1
[2019-01-27 13:55:40.158] [sharedprocess] [info] Scanned user extensions: 1
[2019-01-27 14:00:40.169] [sharedprocess] [info] Scanned user extensions: 1
[2019-01-27 14:05:40.182] [sharedprocess] [info] Scanned user extensions: 1
[2019-01-27 14:10:40.196] [sharedprocess] [info] Scanned user extensions: 1
[2019-01-27 14:15:40.209] [sharedprocess] [info] Scanned user extensions: 1
[2019-01-27 14:20:40.224] [sharedprocess] [info] Scanned user extensions: 1
[2019-01-27 14:25:40.242] [sharedprocess] [info] Scanned user extensions: 1
[2019-01-27 14:30:40.256] [sharedprocess] [info] Scanned user extensions: 1
[2019-01-27 14:35:40.271] [sharedprocess] [info] Scanned user extensions: 1
[2019-01-27 14:40:40.290] [sharedprocess] [info] Scanned user extensions: 1
[2019-01-27 14:45:40.307] [sharedprocess] [info] Scanned user extensions: 1
[2019-01-27 14:50:40.322] [sharedprocess] [info] Scanned user extensions: 1
[2019-01-27 14:55:40.335] [sharedprocess] [info] Scanned user extensions: 1
[2019-01-27 15:00:40.349] [sharedprocess] [info] Scanned user extensions: 1
[2019-01-27 15:05:40.364] [sharedprocess] [info] Scanned user extensions: 1
[2019-01-27 15:10:40.379] [sharedprocess] [info] Scanned user extensions: 1
[2019-01-27 15:15:40.395] [sharedprocess] [info] Scanned user extensions: 1
[2019-01-27 15:20:40.412] [sharedprocess] [info] Scanned user extensions: 1
[2019-01-27 15:25:40.431] [sharedprocess] [info] Scanned user extensions: 1
[2019-01-27 15:30:40.446] [sharedprocess] [info] Scanned user extensions: 1
[2019-01-27 15:35:40.461] [sharedprocess] [info] Scanned user extensions: 1
[2019-01-27 15:40:40.477] [sharedprocess] [info] Scanned user extensions: 1
[2019-01-27 15:45:40.491] [sharedprocess] [info] Scanned user extensions: 1
[2019-01-27 15:50:40.509] [sharedprocess] [info] Scanned user extensions: 1
[2019-01-27 15:55:40.518] [sharedprocess] [info] Scanned user extensions: 1
[2019-01-27 16:00:40.534] [sharedprocess] [info] Scanned user extensions: 1
[2019-01-27 16:05:40.552] [sharedprocess] [info] Scanned user extensions: 1
[2019-01-27 16:10:40.573] [sharedprocess] [info] Scanned user extensions: 1
[2019-01-27 16:15:40.593] [sharedprocess] [info] Scanned user extensions: 1
[2019-01-27 16:20:40.610] [sharedprocess] [info] Scanned user extensions: 1
[2019-01-27 16:25:40.630] [sharedprocess] [info] Scanned user extensions: 1
[2019-01-27 16:30:40.649] [sharedprocess] [info] Scanned user extensions: 1
[2019-01-27 16:35:40.666] [sharedprocess] [info] Scanned user extensions: 1
[2019-01-27 16:40:40.679] [sharedprocess] [info] Scanned user extensions: 1
[2019-01-27 16:45:40.693] [sharedprocess] [info] Scanned user extensions: 1
[2019-01-27 16:50:40.710] [sharedprocess] [info] Scanned user extensions: 1
[2019-01-27 16:55:40.725] [sharedprocess] [info] Scanned user extensions: 1
[2019-01-27 17:00:40.741] [sharedprocess] [info] Scanned user extensions: 1
[2019-01-27 17:05:40.752] [sharedprocess] [info] Scanned user extensions: 1
[2019-01-27 17:10:40.762] [sharedprocess] [info] Scanned user extensions: 1
[2019-01-27 17:15:40.778] [sharedprocess] [info] Scanned user extensions: 1
[2019-01-27 17:20:40.793] [sharedprocess] [info] Scanned user extensions: 1
[2019-01-27 17:25:40.809] [sharedprocess] [info] Scanned user extensions: 1
[2019-01-27 17:30:40.821] [sharedprocess] [info] Scanned user extensions: 1
[2019-01-27 17:35:40.831] [sharedprocess] [info] Scanned user extensions: 1
[2019-01-27 17:40:40.852] [sharedprocess] [info] Scanned user extensions: 1
[2019-01-27 17:45:40.866] [sharedprocess] [info] Scanned user extensions: 1
[2019-01-27 17:50:40.882] [sharedprocess] [info] Scanned user extensions: 1
[2019-01-27 17:55:40.899] [sharedprocess] [info] Scanned user extensions: 1
[2019-01-27 18:00:40.915] [sharedprocess] [info] Scanned user extensions: 1
[2019-01-27 18:05:40.927] [sharedprocess] [info] Scanned user extensions: 1
[2019-01-27 18:10:40.942] [sharedprocess] [info] Scanned user extensions: 1
[2019-01-27 18:15:40.961] [sharedprocess] [info] Scanned user extensions: 1
[2019-01-27 18:20:40.978] [sharedprocess] [info] Scanned user extensions: 1
[2019-01-27 18:25:40.994] [sharedprocess] [info] Scanned user extensions: 1
[2019-01-27 18:30:41.014] [sharedprocess] [info] Scanned user extensions: 1
[2019-01-27 18:35:41.030] [sharedprocess] [info] Scanned user extensions: 1
[2019-01-27 18:40:41.039] [sharedprocess] [info] Scanned user extensions: 1
[2019-01-27 18:45:41.054] [sharedprocess] [info] Scanned user extensions: 1
[2019-01-27 18:50:41.070] [sharedprocess] [info] Scanned user extensions: 1
[2019-01-27 18:55:41.084] [sharedprocess] [info] Scanned user extensions: 1
[2019-01-27 19:00:41.098] [sharedprocess] [info] Scanned user extensions: 1
[2019-01-27 19:05:41.116] [sharedprocess] [info] Scanned user extensions: 1
[2019-01-27 19:10:41.129] [sharedprocess] [info] Scanned user extensions: 1
[2019-01-27 19:15:41.143] [sharedprocess] [info] Scanned user extensions: 1
[2019-01-27 19:20:41.156] [sharedprocess] [info] Scanned user extensions: 1
[2019-01-27 19:25:41.169] [sharedprocess] [info] Scanned user extensions: 1
[2019-01-27 19:30:41.180] [sharedprocess] [info] Scanned user extensions: 1
[2019-01-27 19:35:41.193] [sharedprocess] [info] Scanned user extensions: 1
[2019-01-27 19:40:41.206] [sharedprocess] [info] Scanned user extensions: 1
[2019-01-27 19:45:41.219] [sharedprocess] [info] Scanned user extensions: 1
[2019-01-27 19:50:41.234] [sharedprocess] [info] Scanned user extensions: 1
[2019-01-27 19:55:41.253] [sharedprocess] [info] Scanned user extensions: 1
[2019-01-27 20:00:41.272] [sharedprocess] [info] Scanned user extensions: 1
[2019-01-27 20:05:41.295] [sharedprocess] [info] Scanned user extensions: 1
[2019-01-27 20:10:41.314] [sharedprocess] [info] Scanned user extensions: 1
[2019-01-27 20:15:41.328] [sharedprocess] [info] Scanned user extensions: 1
[2019-01-27 20:20:41.346] [sharedprocess] [info] Scanned user extensions: 1
[2019-01-27 20:25:41.366] [sharedprocess] [info] Scanned user extensions: 1
[2019-01-27 20:30:41.386] [sharedprocess] [info] Scanned user extensions: 1
[2019-01-27 20:35:41.402] [sharedprocess] [info] Scanned user extensions: 1
[2019-01-27 20:40:41.419] [sharedprocess] [info] Scanned user extensions: 1
[2019-01-27 20:45:41.435] [sharedprocess] [info] Scanned user extensions: 1
[2019-01-27 20:50:41.448] [sharedprocess] [info] Scanned user extensions: 1
[2019-01-27 20:55:41.462] [sharedprocess] [info] Scanned user extensions: 1
[2019-01-27 21:00:41.476] [sharedprocess] [info] Scanned user extensions: 1
[2019-01-27 21:05:41.491] [sharedprocess] [info] Scanned user extensions: 1
[2019-01-27 21:10:41.505] [sharedprocess] [info] Scanned user extensions: 1
[2019-01-27 21:15:41.521] [sharedprocess] [info] Scanned user extensions: 1
[2019-01-27 21:20:41.536] [sharedprocess] [info] Scanned user extensions: 1
[2019-01-27 21:25:41.549] [sharedprocess] [info] Scanned user extensions: 1
[2019-01-27 21:30:41.567] [sharedprocess] [info] Scanned user extensions: 1
[2019-01-27 21:35:41.581] [sharedprocess] [info] Scanned user extensions: 1
[2019-01-27 21:40:41.595] [sharedprocess] [info] Scanned user extensions: 1
[2019-01-27 21:45:41.610] [sharedprocess] [info] Scanned user extensions: 1
[2019-01-27 21:50:41.627] [sharedprocess] [info] Scanned user extensions: 1
[2019-01-27 21:55:41.644] [sharedprocess] [info] Scanned user extensions: 1
[2019-01-27 22:00:41.661] [sharedprocess] [info] Scanned user extensions: 1
[2019-01-27 22:05:41.674] [sharedprocess] [info] Scanned user extensions: 1
[2019-01-27 22:10:41.689] [sharedprocess] [info] Scanned user extensions: 1
[2019-01-27 22:15:41.703] [sharedprocess] [info] Scanned user extensions: 1
[2019-01-27 22:20:41.719] [sharedprocess] [info] Scanned user extensions: 1
[2019-01-27 22:25:41.732] [sharedprocess] [info] Scanned user extensions: 1
[2019-01-28 06:16:12.292] [sharedprocess] [info] Scanned user extensions: 1
[2019-01-28 06:21:12.306] [sharedprocess] [info] Scanned user extensions: 1
[2019-01-28 06:26:12.324] [sharedprocess] [info] Scanned user extensions: 1
[2019-01-28 06:31:12.345] [sharedprocess] [info] Scanned user extensions: 1
